2019-02-08 01:33:54,813 - https://www.governmentjobs.com/careers/sunline/jobs/2343982/assistant-information-technology-administrator-i,Assistant Information Technology Administrator I - Full-time - 1800066
2019-02-08 01:33:54,814 - https://www.governmentjobs.com/careers/sunline/jobs/2343766/bus-driver,Bus Driver - Part-time - 1800071
2019-02-08 01:33:54,814 - https://www.governmentjobs.com/careers/sunline/jobs/2343446/information-technology-administrator,Information Technology Administrator - Full-time - 1800073
2019-02-08 01:33:54,815 - https://www.governmentjobs.com/careers/sunline/jobs/2327918/outreach-technician,Outreach Technician - Full-time - 1800064
2019-02-08 01:33:54,815 - https://www.governmentjobs.com/careers/sunline/jobs/2343291/procurement-specialist,Procurement Specialist - Full-time - 1800074
2019-02-08 01:33:54,816 - https://www.governmentjobs.com/careers/sunline/jobs/2293605/project-manager-assistant,Project Manager Assistant - Full-time - 1800054
2019-02-08 02:14:50,792 - https://www.governmentjobs.com/careers/coachella/jobs/2338034/code-enforcement-aide,Code Enforcement Aide - Full Time - 
2019-02-08 02:14:50,793 - https://www.governmentjobs.com/careers/coachella/jobs/2343935/treatment-plant-operator-trainee,Treatment Plant Operator Trainee - Full Time - 
2019-02-08 02:17:47,065 - https://www.governmentjobs.com/careers/coachella/jobs/2338034/code-enforcement-aide,Code Enforcement Aide - Full Time
2019-02-08 02:17:47,066 - https://www.governmentjobs.com/careers/coachella/jobs/2343935/treatment-plant-operator-trainee,Treatment Plant Operator Trainee - Full Time
2019-02-08 02:20:21,261 - https://www.governmentjobs.com/careers/sunline/jobs/2343982/assistant-information-technology-administrator-i,Assistant Information Technology Administrator I - Full-time - 1800066
2019-02-08 02:20:21,262 - https://www.governmentjobs.com/careers/sunline/jobs/2343766/bus-driver,Bus Driver - Part-time - 1800071
2019-02-08 02:20:21,264 - https://www.governmentjobs.com/careers/sunline/jobs/2343446/information-technology-administrator,Information Technology Administrator - Full-time - 1800073
2019-02-08 02:20:21,266 - https://www.governmentjobs.com/careers/sunline/jobs/2327918/outreach-technician,Outreach Technician - Full-time - 1800064
2019-02-08 02:20:21,267 - https://www.governmentjobs.com/careers/sunline/jobs/2343291/procurement-specialist,Procurement Specialist - Full-time - 1800074
2019-02-08 02:20:21,268 - https://www.governmentjobs.com/careers/sunline/jobs/2293605/project-manager-assistant,Project Manager Assistant - Full-time - 1800054
2019-02-08 02:24:37,422 - https://www.governmentjobs.com/careers/indioca/jobs/2326334/associate-engineer,Associate Engineer - Full-time - 0117
2019-02-08 02:24:37,423 - https://www.governmentjobs.com/careers/indioca/jobs/2332808/information-technology-business-analyst,Information Technology Business Analyst - Full-time - 01242
2019-02-08 02:24:37,424 - https://www.governmentjobs.com/careers/indioca/jobs/2237607/ipd-police-dispatcher-i,IPD Police Dispatcher I - Full-time - 101118
2019-02-08 02:24:37,425 - https://www.governmentjobs.com/careers/indioca/jobs/1469440/ipd-police-dispatcher-ii,IPD Police Dispatcher II - Full-time - 2
2019-02-08 02:24:37,426 - https://www.governmentjobs.com/careers/indioca/jobs/1491935/ipd-police-officer,IPD Police Officer - Full-time - 2
2019-02-08 02:24:37,427 - https://www.governmentjobs.com/careers/indioca/jobs/2327951/iwa-asset-management-specialist,IWA Asset Management Specialist - Full-time - 0119
2019-02-08 02:24:37,427 - https://www.governmentjobs.com/careers/indioca/jobs/2133368/records-specialist-i,Records Specialist I - Full-time - 0703
2019-02-08 02:27:38,354 - https://www.governmentjobs.com/careers/laquinta/jobs/2343932/associate-engineer,ASSOCIATE ENGINEER - Full-Time - 2019-00145
2019-02-08 02:27:38,355 - https://www.governmentjobs.com/careers/laquinta/jobs/2340546/marketing-management-specialist,MARKETING MANAGEMENT SPECIALIST - Full-Time - 2018-00173
2019-02-08 02:27:38,356 - https://www.governmentjobs.com/careers/laquinta/jobs/2336906/senior-planner,SENIOR PLANNER - Full-Time - 2016-00101
2019-02-08 02:31:59,863 - https://www.governmentjobs.com/careers/palmsprings/jobs/2315978/code-compliance-officer,Code Compliance Officer - Full Time - Regular
2019-02-08 02:31:59,866 - https://www.governmentjobs.com/careers/palmsprings/jobs/1986621/firefighter-paramedic-lateral,Firefighter - Paramedic - Lateral - Full Time - Regular
2019-02-08 02:31:59,866 - https://www.governmentjobs.com/careers/palmsprings/jobs/2189524/legislative-fellowship-city-council,Legislative Fellowship - City Council - Legislative Fellowship
2019-02-08 02:31:59,867 - https://www.governmentjobs.com/careers/palmsprings/jobs/2316227/police-officer-lateral,Police Officer - Lateral - Full Time - Regular
2019-02-08 02:39:26,709 - https://www.governmentjobs.com/careers/cityofdhs/jobs/2301509/associate-engineer,Associate Engineer - Full Time - 2018-00037
2019-02-08 02:39:26,709 - https://www.governmentjobs.com/careers/cityofdhs/jobs/2343868/lifeguard,Lifeguard - Temporary/Seasonal - 2019-00041
2019-02-08 02:39:26,710 - https://www.governmentjobs.com/careers/cityofdhs/jobs/2343877/lifeguard-supervisor,Lifeguard Supervisor - Temporary/Seasonal - 2019-00040
2019-02-08 02:39:26,711 - https://www.governmentjobs.com/careers/cityofdhs/jobs/1680060/police-officer,Police Officer - Full Time - 2017-00004
2019-02-08 02:39:26,713 - https://www.governmentjobs.com/careers/cityofdhs/jobs/2114260/school-crossing-guard-temporary-seasonal,School Crossing Guard Temporary/Seasonal - Part Time - 2018-00025
2019-02-08 02:46:25,973 - https://www.governmentjobs.com/careers/sunline/jobs/2343982/assistant-information-technology-administrator-i,Assistant Information Technology Administrator I - Full-time - 1800066
2019-02-08 02:46:25,974 - https://www.governmentjobs.com/careers/sunline/jobs/2343766/bus-driver,Bus Driver - Part-time - 1800071
2019-02-08 02:46:25,975 - https://www.governmentjobs.com/careers/sunline/jobs/2343446/information-technology-administrator,Information Technology Administrator - Full-time - 1800073
2019-02-08 02:46:25,976 - https://www.governmentjobs.com/careers/sunline/jobs/2327918/outreach-technician,Outreach Technician - Full-time - 1800064
2019-02-08 02:46:25,977 - https://www.governmentjobs.com/careers/sunline/jobs/2343291/procurement-specialist,Procurement Specialist - Full-time - 1800074
2019-02-08 02:46:25,977 - https://www.governmentjobs.com/careers/sunline/jobs/2293605/project-manager-assistant,Project Manager Assistant - Full-time - 1800054
